<<<<<<< .mine
﻿  SuperOrb.cpp
  Pacman.cpp
  Orb.cpp
  main.cpp
  Ghost.cpp
  DefaultOrb.cpp
  Coordinate.cpp
  CavePacman.cpp
h:\school\periode3.3\pacman\cavepacman\cavepacman.cpp(160): warning C4018: '<' : signed/unsigned mismatch
h:\school\periode3.3\pacman\cavepacman\cavepacman.cpp(428): warning C4018: '<' : signed/unsigned mismatch
h:\school\periode3.3\pacman\cavepacman\cavepacman.cpp(435): warning C4018: '<' : signed/unsigned mismatch
h:\school\periode3.3\pacman\cavepacman\cavepacman.cpp(441): warning C4018: '<' : signed/unsigned mismatch
  block.cpp
  GhostRoute.cpp
  Generating Code...
  CavePacman.vcxproj -> H:\school\Periode3.3\cave\Development\Applications\Debug\CavePacman.exe
          1 file(s) copied.
  Local development, not pushing to servers
=======
﻿Build started 26-3-2013 13:22:29.
     1>Project "C:\Users\Michael\Desktop\Cave\cave\Development\Applications\CavePacman\CavePacman.vcxproj" on node 2 (build target(s)).
     1>InitializeBuildStatus:
         Creating "Debug\CavePacman.unsuccessfulbuild" because "AlwaysCreate" was specified.
       ClCompile:
         c:\Program Files (x86)\Microsoft Visual Studio 10.0\VC\bin\CL.exe /c /IC:\Users\Michael\Desktop\Cave\cave\\Development\Libraries\include /IC:\Users\Michael\Desktop\Cave\cave\\Development\Libraries\CaveLib /IC:\Users\Michael\Desktop\Cave\cave\Development\Libraries\vrjuggler/include /I"C:\Users\Michael\Desktop\Cave\cave\Development\Libraries\vrjuggler-deps/include" /ZI /nologo /W3 /WX- /Od /Oy- /D WIN32 /D _DEBUG /D _CONSOLE /D CPPDOM_DYN_LINK /D BOOST_ALL_DYN_LINK /D _CRT_SECURE_NO_WARNINGS /D CPPDOM_DYN_LINK /D BOOST_ALL_DYN_LINK /D _CRT_SECURE_NO_WARNINGS /D _UNICODE /D UNICODE /Gm /EHsc /RTC1 /MDd /GS /fp:precise /Zc:wchar_t /Zc:forScope /Fo"Debug\\" /Fd"Debug\vc100.pdb" /Gd /TP /wd4251 /wd4275 /wd4244 /wd4305 /wd4290 /wd4251 /wd4275 /wd4244 /wd4305 /wd4290 /analyze- /errorReport:prompt Ghost.cpp
         Ghost.cpp
       ManifestResourceCompile:
         All outputs are up-to-date.
       Link:
         c:\Program Files (x86)\Microsoft Visual Studio 10.0\VC\bin\link.exe /ERRORREPORT:PROMPT /OUT:"C:\Users\Michael\Desktop\Cave\cave\Development\Applications\Debug\CavePacman.exe" /INCREMENTAL /NOLOGO /LIBPATH:C:\Users\Michael\Desktop\Cave\cave\\Development\Libraries\lib /LIBPATH:C:\Users\Michael\Desktop\Cave\cave\Development\Libraries\vrjuggler/lib /LIBPATH:"C:\Users\Michael\Desktop\Cave\cave\Development\Libraries\vrjuggler-deps/lib" glew32.lib json_vc90_libmdd.lib cavelib.lib kernel32.lib user32.lib gdi32.lib winspool.lib comdlg32.lib advapi32.lib shell32.lib ole32.lib oleaut32.lib uuid.lib odbc32.lib odbccp32.lib /MANIFEST /ManifestFile:"Debug\CavePacman.exe.intermediate.manifest" /MANIFESTUAC:"level='asInvoker' uiAccess='false'" /DEBUG /PDB:"C:\Users\Michael\Desktop\Cave\cave\Development\Applications\Debug\CavePacman.pdb" /SUBSYSTEM:CONSOLE /TLBID:1 /DYNAMICBASE /NXCOMPAT /IMPLIB:"C:\Users\Michael\Desktop\Cave\cave\Development\Applications\Debug\CavePacman.lib" /MACHINE:X86 Debug\CavePacman.exe.embed.manifest.res
         Debug\block.obj
         Debug\CavePacman.obj
         Debug\Coordinate.obj
         Debug\DefaultOrb.obj
         Debug\Ghost.obj
         Debug\main.obj
         Debug\Orb.obj
         Debug\Pacman.obj
         Debug\SuperOrb.obj
       Manifest:
         C:\Program Files (x86)\Microsoft SDKs\Windows\v7.0A\bin\mt.exe /nologo /verbose /out:"Debug\CavePacman.exe.embed.manifest" /manifest Debug\CavePacman.exe.intermediate.manifest
         All outputs are up-to-date.
       LinkEmbedManifest:
         All outputs are up-to-date.
         CavePacman.vcxproj -> C:\Users\Michael\Desktop\Cave\cave\Development\Applications\Debug\CavePacman.exe
       PostBuildEvent:
         copy /y C:\Users\Michael\Desktop\Cave\cave\Development\Applications\Debug\CavePacman.exe C:\Users\Michael\Desktop\Cave\cave\\Runtime
         "C:\Users\Michael\Desktop\Cave\cave\\Development\Sync\Sync Executables.cmd"
         :VCEnd
                 1 file(s) copied.
         Local development, not pushing to servers
       FinalizeBuildStatus:
         Deleting file "Debug\CavePacman.unsuccessfulbuild".
         Touching "Debug\CavePacman.lastbuildstate".
     1>Done Building Project "C:\Users\Michael\Desktop\Cave\cave\Development\Applications\CavePacman\CavePacman.vcxproj" (build target(s)).

Build succeeded.

Time Elapsed 00:00:02.28
>>>>>>> .r13
