C:\CAVE\DEVELOPMENT\APPLICATIONS\CAVEPACMAN\DEBUG\BLOCK.OBJ
C:\CAVE\DEVELOPMENT\APPLICATIONS\CAVEPACMAN\DEBUG\CAVEPACMAN.EXE.EMBED.MANIFEST
C:\CAVE\DEVELOPMENT\APPLICATIONS\CAVEPACMAN\DEBUG\CAVEPACMAN.EXE.EMBED.MANIFEST.RES
C:\cave\Development\Applications\CavePacman\Debug\CavePacman.exe.intermediate.manifest
C:\CAVE\DEVELOPMENT\APPLICATIONS\CAVEPACMAN\DEBUG\CAVEPACMAN.OBJ
C:\cave\Development\Applications\CavePacman\Debug\CavePacman_manifest.rc
C:\cave\Development\Applications\CavePacman\Debug\cl.command.1.tlog
C:\cave\Development\Applications\CavePacman\Debug\CL.read.1.tlog
C:\cave\Development\Applications\CavePacman\Debug\CL.write.1.tlog
C:\CAVE\DEVELOPMENT\APPLICATIONS\CAVEPACMAN\DEBUG\COORDINATE.OBJ
C:\CAVE\DEVELOPMENT\APPLICATIONS\CAVEPACMAN\DEBUG\DEFAULTORB.OBJ
C:\CAVE\DEVELOPMENT\APPLICATIONS\CAVEPACMAN\DEBUG\GHOST.OBJ
C:\cave\Development\Applications\CavePacman\Debug\link.1336.read.1.tlog
C:\cave\Development\Applications\CavePacman\Debug\link.1336.write.1.tlog
C:\cave\Development\Applications\CavePacman\Debug\link.1336-cvtres.read.1.tlog
C:\cave\Development\Applications\CavePacman\Debug\link.1336-cvtres.write.1.tlog
C:\cave\Development\Applications\CavePacman\Debug\link.1460.read.1.tlog
C:\cave\Development\Applications\CavePacman\Debug\link.1460.write.1.tlog
C:\cave\Development\Applications\CavePacman\Debug\link.1460-cvtres.read.1.tlog
C:\cave\Development\Applications\CavePacman\Debug\link.1460-cvtres.write.1.tlog
C:\cave\Development\Applications\CavePacman\Debug\link.1816.read.1.tlog
C:\cave\Development\Applications\CavePacman\Debug\link.1816.write.1.tlog
C:\cave\Development\Applications\CavePacman\Debug\link.1816-cvtres.read.1.tlog
C:\cave\Development\Applications\CavePacman\Debug\link.1816-cvtres.write.1.tlog
C:\cave\Development\Applications\CavePacman\Debug\link.1972.read.1.tlog
C:\cave\Development\Applications\CavePacman\Debug\link.1972.write.1.tlog
C:\cave\Development\Applications\CavePacman\Debug\link.1972-cvtres.read.1.tlog
C:\cave\Development\Applications\CavePacman\Debug\link.1972-cvtres.write.1.tlog
C:\cave\Development\Applications\CavePacman\Debug\link.2008.read.1.tlog
C:\cave\Development\Applications\CavePacman\Debug\link.2008.write.1.tlog
C:\cave\Development\Applications\CavePacman\Debug\link.2008-cvtres.read.1.tlog
C:\cave\Development\Applications\CavePacman\Debug\link.2008-cvtres.write.1.tlog
C:\cave\Development\Applications\CavePacman\Debug\link.3204.read.1.tlog
C:\cave\Development\Applications\CavePacman\Debug\link.3204.write.1.tlog
C:\cave\Development\Applications\CavePacman\Debug\link.3204-cvtres.read.1.tlog
C:\cave\Development\Applications\CavePacman\Debug\link.3204-cvtres.write.1.tlog
C:\cave\Development\Applications\CavePacman\Debug\link.3348.read.1.tlog
C:\cave\Development\Applications\CavePacman\Debug\link.3348.write.1.tlog
C:\cave\Development\Applications\CavePacman\Debug\link.3348-cvtres.read.1.tlog
C:\cave\Development\Applications\CavePacman\Debug\link.3348-cvtres.write.1.tlog
C:\cave\Development\Applications\CavePacman\Debug\link.3540.read.1.tlog
C:\cave\Development\Applications\CavePacman\Debug\link.3540.write.1.tlog
C:\cave\Development\Applications\CavePacman\Debug\link.3540-cvtres.read.1.tlog
C:\cave\Development\Applications\CavePacman\Debug\link.3540-cvtres.write.1.tlog
C:\cave\Development\Applications\CavePacman\Debug\link.4224.read.1.tlog
C:\cave\Development\Applications\CavePacman\Debug\link.4224.write.1.tlog
C:\cave\Development\Applications\CavePacman\Debug\link.4224-cvtres.read.1.tlog
C:\cave\Development\Applications\CavePacman\Debug\link.4224-cvtres.write.1.tlog
C:\cave\Development\Applications\CavePacman\Debug\link.4304.read.1.tlog
C:\cave\Development\Applications\CavePacman\Debug\link.4304.write.1.tlog
C:\cave\Development\Applications\CavePacman\Debug\link.4304-cvtres.read.1.tlog
C:\cave\Development\Applications\CavePacman\Debug\link.4304-cvtres.write.1.tlog
C:\cave\Development\Applications\CavePacman\Debug\link.4836.read.1.tlog
C:\cave\Development\Applications\CavePacman\Debug\link.4836.write.1.tlog
C:\cave\Development\Applications\CavePacman\Debug\link.4836-cvtres.read.1.tlog
C:\cave\Development\Applications\CavePacman\Debug\link.4836-cvtres.write.1.tlog
C:\cave\Development\Applications\CavePacman\Debug\link.4924.read.1.tlog
C:\cave\Development\Applications\CavePacman\Debug\link.4924.write.1.tlog
C:\cave\Development\Applications\CavePacman\Debug\link.4924-cvtres.read.1.tlog
C:\cave\Development\Applications\CavePacman\Debug\link.4924-cvtres.write.1.tlog
C:\cave\Development\Applications\CavePacman\Debug\link.5060.read.1.tlog
C:\cave\Development\Applications\CavePacman\Debug\link.5060.write.1.tlog
C:\cave\Development\Applications\CavePacman\Debug\link.5060-cvtres.read.1.tlog
C:\cave\Development\Applications\CavePacman\Debug\link.5060-cvtres.write.1.tlog
C:\cave\Development\Applications\CavePacman\Debug\link.5168.read.1.tlog
C:\cave\Development\Applications\CavePacman\Debug\link.5168.write.1.tlog
C:\cave\Development\Applications\CavePacman\Debug\link.5168-cvtres.read.1.tlog
C:\cave\Development\Applications\CavePacman\Debug\link.5168-cvtres.write.1.tlog
C:\cave\Development\Applications\CavePacman\Debug\link.5252.read.1.tlog
C:\cave\Development\Applications\CavePacman\Debug\link.5252.write.1.tlog
C:\cave\Development\Applications\CavePacman\Debug\link.5252-cvtres.read.1.tlog
C:\cave\Development\Applications\CavePacman\Debug\link.5252-cvtres.write.1.tlog
C:\cave\Development\Applications\CavePacman\Debug\link.5464.read.1.tlog
C:\cave\Development\Applications\CavePacman\Debug\link.5464.write.1.tlog
C:\cave\Development\Applications\CavePacman\Debug\link.5464-cvtres.read.1.tlog
C:\cave\Development\Applications\CavePacman\Debug\link.5464-cvtres.write.1.tlog
C:\cave\Development\Applications\CavePacman\Debug\link.5948.read.1.tlog
C:\cave\Development\Applications\CavePacman\Debug\link.5948.write.1.tlog
C:\cave\Development\Applications\CavePacman\Debug\link.5948-cvtres.read.1.tlog
C:\cave\Development\Applications\CavePacman\Debug\link.5948-cvtres.write.1.tlog
C:\cave\Development\Applications\CavePacman\Debug\link.5960.read.1.tlog
C:\cave\Development\Applications\CavePacman\Debug\link.5960.write.1.tlog
C:\cave\Development\Applications\CavePacman\Debug\link.5960-cvtres.read.1.tlog
C:\cave\Development\Applications\CavePacman\Debug\link.5960-cvtres.write.1.tlog
C:\cave\Development\Applications\CavePacman\Debug\link.6272.read.1.tlog
C:\cave\Development\Applications\CavePacman\Debug\link.6272.write.1.tlog
C:\cave\Development\Applications\CavePacman\Debug\link.6272-cvtres.read.1.tlog
C:\cave\Development\Applications\CavePacman\Debug\link.6272-cvtres.write.1.tlog
C:\cave\Development\Applications\CavePacman\Debug\link.6704.read.1.tlog
C:\cave\Development\Applications\CavePacman\Debug\link.6704.write.1.tlog
C:\cave\Development\Applications\CavePacman\Debug\link.6704-cvtres.read.1.tlog
C:\cave\Development\Applications\CavePacman\Debug\link.6704-cvtres.write.1.tlog
C:\cave\Development\Applications\CavePacman\Debug\link.6920.read.1.tlog
C:\cave\Development\Applications\CavePacman\Debug\link.6920.write.1.tlog
C:\cave\Development\Applications\CavePacman\Debug\link.6920-cvtres.read.1.tlog
C:\cave\Development\Applications\CavePacman\Debug\link.6920-cvtres.write.1.tlog
C:\cave\Development\Applications\CavePacman\Debug\link.7884.read.1.tlog
C:\cave\Development\Applications\CavePacman\Debug\link.7884.write.1.tlog
C:\cave\Development\Applications\CavePacman\Debug\link.7884-cvtres.read.1.tlog
C:\cave\Development\Applications\CavePacman\Debug\link.7884-cvtres.write.1.tlog
C:\cave\Development\Applications\CavePacman\Debug\link.command.1.tlog
C:\cave\Development\Applications\CavePacman\Debug\link.read.1.tlog
C:\cave\Development\Applications\CavePacman\Debug\link.write.1.tlog
C:\cave\Development\Applications\CavePacman\Debug\link-cvtres.read.1.tlog
C:\cave\Development\Applications\CavePacman\Debug\link-cvtres.write.1.tlog
C:\CAVE\DEVELOPMENT\APPLICATIONS\CAVEPACMAN\DEBUG\MAIN.OBJ
C:\cave\Development\Applications\CavePacman\Debug\mt.command.1.tlog
C:\cave\Development\Applications\CavePacman\Debug\mt.read.1.tlog
C:\cave\Development\Applications\CavePacman\Debug\mt.write.1.tlog
C:\CAVE\DEVELOPMENT\APPLICATIONS\CAVEPACMAN\DEBUG\ORB.OBJ
C:\CAVE\DEVELOPMENT\APPLICATIONS\CAVEPACMAN\DEBUG\PACMAN.OBJ
C:\cave\Development\Applications\CavePacman\Debug\rc.command.1.tlog
C:\cave\Development\Applications\CavePacman\Debug\rc.read.1.tlog
C:\cave\Development\Applications\CavePacman\Debug\rc.write.1.tlog
C:\CAVE\DEVELOPMENT\APPLICATIONS\CAVEPACMAN\DEBUG\SPRITE.OBJ
C:\CAVE\DEVELOPMENT\APPLICATIONS\CAVEPACMAN\DEBUG\SUPERORB.OBJ
C:\cave\Development\Applications\CavePacman\Debug\vc100.idb
C:\CAVE\DEVELOPMENT\APPLICATIONS\CAVEPACMAN\DEBUG\VC100.PDB
C:\cave\Development\Applications\Debug\CavePacman.pdb
C:\USERS\MICHAEL\DESKTOP\CAVE\CAVE\DEVELOPMENT\APPLICATIONS\CAVEPACMAN\DEBUG\BLOCK.OBJ
C:\USERS\MICHAEL\DESKTOP\CAVE\CAVE\DEVELOPMENT\APPLICATIONS\CAVEPACMAN\DEBUG\CAVEPACMAN.OBJ
C:\USERS\MICHAEL\DESKTOP\CAVE\CAVE\DEVELOPMENT\APPLICATIONS\CAVEPACMAN\DEBUG\COORDINATE.OBJ
C:\USERS\MICHAEL\DESKTOP\CAVE\CAVE\DEVELOPMENT\APPLICATIONS\CAVEPACMAN\DEBUG\DEFAULTORB.OBJ
C:\USERS\MICHAEL\DESKTOP\CAVE\CAVE\DEVELOPMENT\APPLICATIONS\CAVEPACMAN\DEBUG\GHOST.OBJ
C:\USERS\MICHAEL\DESKTOP\CAVE\CAVE\DEVELOPMENT\APPLICATIONS\CAVEPACMAN\DEBUG\MAIN.OBJ
C:\USERS\MICHAEL\DESKTOP\CAVE\CAVE\DEVELOPMENT\APPLICATIONS\CAVEPACMAN\DEBUG\ORB.OBJ
C:\USERS\MICHAEL\DESKTOP\CAVE\CAVE\DEVELOPMENT\APPLICATIONS\CAVEPACMAN\DEBUG\PACMAN.OBJ
C:\USERS\MICHAEL\DESKTOP\CAVE\CAVE\DEVELOPMENT\APPLICATIONS\CAVEPACMAN\DEBUG\SUPERORB.OBJ
C:\USERS\MICHAEL\DESKTOP\CAVE\CAVE\DEVELOPMENT\APPLICATIONS\CAVEPACMAN\DEBUG\VC100.PDB
