Build started 8-4-2013 10:24:25.
     1>Project "C:\cave\Development\Applications\CavePacman\CavePacman.vcxproj" on node 2 (build target(s)).
     1>InitializeBuildStatus:
         Creating "Debug\CavePacman.unsuccessfulbuild" because "AlwaysCreate" was specified.
       ClCompile:
         c:\Program Files (x86)\Microsoft Visual Studio 10.0\VC\bin\CL.exe /c /IC:\cave\\Development\Libraries\include /IC:\cave\\Development\Libraries\CaveLib /IC:\cave\Development\Libraries\vrjuggler/include /I"C:\cave\Development\Libraries\vrjuggler-deps/include" /ZI /nologo /W3 /WX- /Od /Oy- /D WIN32 /D _DEBUG /D _CONSOLE /D CPPDOM_DYN_LINK /D BOOST_ALL_DYN_LINK /D _CRT_SECURE_NO_WARNINGS /D CPPDOM_DYN_LINK /D BOOST_ALL_DYN_LINK /D _CRT_SECURE_NO_WARNINGS /D _UNICODE /D UNICODE /Gm /EHsc /RTC1 /MDd /GS /fp:precise /Zc:wchar_t /Zc:forScope /Fo"Debug\\" /Fd"Debug\vc100.pdb" /Gd /TP /wd4251 /wd4275 /wd4244 /wd4305 /wd4290 /wd4251 /wd4275 /wd4244 /wd4305 /wd4290 /analyze- /errorReport:prompt Pacman.cpp
         Pacman.cpp
       ManifestResourceCompile:
         All outputs are up-to-date.
       Link:
         c:\Program Files (x86)\Microsoft Visual Studio 10.0\VC\bin\link.exe /ERRORREPORT:PROMPT /OUT:"C:\cave\Development\Applications\Debug\CavePacman.exe" /INCREMENTAL /NOLOGO /LIBPATH:C:\cave\\Development\Libraries\lib /LIBPATH:C:\cave\Development\Libraries\vrjuggler/lib /LIBPATH:"C:\cave\Development\Libraries\vrjuggler-deps/lib" glew32.lib winmm.lib json_vc90_libmdd.lib cavelib.lib kernel32.lib user32.lib gdi32.lib winspool.lib comdlg32.lib advapi32.lib shell32.lib ole32.lib oleaut32.lib uuid.lib odbc32.lib odbccp32.lib /MANIFEST /ManifestFile:"Debug\CavePacman.exe.intermediate.manifest" /MANIFESTUAC:"level='asInvoker' uiAccess='false'" /DEBUG /PDB:"C:\cave\Development\Applications\Debug\CavePacman.pdb" /SUBSYSTEM:CONSOLE /TLBID:1 /DYNAMICBASE /NXCOMPAT /IMPLIB:"C:\cave\Development\Applications\Debug\CavePacman.lib" /MACHINE:X86 Debug\CavePacman.exe.embed.manifest.res
         Debug\block.obj
         Debug\CavePacman.obj
         Debug\Coordinate.obj
         Debug\DefaultOrb.obj
         Debug\Ghost.obj
         Debug\main.obj
         Debug\Orb.obj
         Debug\Pacman.obj
         Debug\Sprite.obj
         Debug\SuperOrb.obj
         Debug\Wave.obj
         Debug\WayPoint.obj
       Manifest:
         C:\Program Files (x86)\Microsoft SDKs\Windows\v7.0A\bin\mt.exe /nologo /verbose /out:"Debug\CavePacman.exe.embed.manifest" /manifest Debug\CavePacman.exe.intermediate.manifest
         All outputs are up-to-date.
       LinkEmbedManifest:
         All outputs are up-to-date.
         CavePacman.vcxproj -> C:\cave\Development\Applications\Debug\CavePacman.exe
       PostBuildEvent:
         copy /y C:\cave\Development\Applications\Debug\CavePacman.exe C:\cave\\Runtime
         "C:\cave\\Development\Sync\Sync Executables.cmd"
         :VCEnd
                 1 bestand(en) gekopieerd.
         Local development, not pushing to servers
       FinalizeBuildStatus:
         Deleting file "Debug\CavePacman.unsuccessfulbuild".
         Touching "Debug\CavePacman.lastbuildstate".
     1>Done Building Project "C:\cave\Development\Applications\CavePacman\CavePacman.vcxproj" (build target(s)).

Build succeeded.

Time Elapsed 00:00:03.84
