Build started 11-4-2013 12:53:05.
     1>Project "C:\Users\Michael\Desktop\Cave\cave\Development\Applications\CavePacman\CavePacman.vcxproj" on node 2 (build target(s)).
     1>InitializeBuildStatus:
         Creating "Debug\CavePacman.unsuccessfulbuild" because "AlwaysCreate" was specified.
       ClCompile:
         All outputs are up-to-date.
       ManifestResourceCompile:
         All outputs are up-to-date.
       Link:
         All outputs are up-to-date.
       Manifest:
         All outputs are up-to-date.
       PostBuildEvent:
         copy /y C:\Users\Michael\Desktop\Cave\cave\Development\Applications\Debug\CavePacman.exe C:\Users\Michael\Desktop\Cave\cave\\Runtime
         "C:\Users\Michael\Desktop\Cave\cave\\Development\Sync\Sync Executables.cmd"
         :VCEnd
                 1 file(s) copied.
         Local development, not pushing to servers
       FinalizeBuildStatus:
         Deleting file "Debug\CavePacman.unsuccessfulbuild".
         Touching "Debug\CavePacman.lastbuildstate".
     1>Done Building Project "C:\Users\Michael\Desktop\Cave\cave\Development\Applications\CavePacman\CavePacman.vcxproj" (build target(s)).

Build succeeded.

Time Elapsed 00:00:00.27
