C:\CAVE\DEVELOPMENT\APPLICATIONS\CAVEPACMAN\DEBUG\BLOCK.OBJ
C:\CAVE\DEVELOPMENT\APPLICATIONS\CAVEPACMAN\DEBUG\CAVEPACMAN.EXE.EMBED.MANIFEST
C:\CAVE\DEVELOPMENT\APPLICATIONS\CAVEPACMAN\DEBUG\CAVEPACMAN.EXE.EMBED.MANIFEST.RES
C:\cave\Development\Applications\CavePacman\Debug\CavePacman.exe.intermediate.manifest
C:\CAVE\DEVELOPMENT\APPLICATIONS\CAVEPACMAN\DEBUG\CAVEPACMAN.OBJ
C:\cave\Development\Applications\CavePacman\Debug\CavePacman_manifest.rc
C:\cave\Development\Applications\CavePacman\Debug\cl.command.1.tlog
C:\cave\Development\Applications\CavePacman\Debug\CL.read.1.tlog
C:\cave\Development\Applications\CavePacman\Debug\CL.write.1.tlog
C:\CAVE\DEVELOPMENT\APPLICATIONS\CAVEPACMAN\DEBUG\COORDINATE.OBJ
C:\CAVE\DEVELOPMENT\APPLICATIONS\CAVEPACMAN\DEBUG\DEFAULTORB.OBJ
C:\CAVE\DEVELOPMENT\APPLICATIONS\CAVEPACMAN\DEBUG\GHOST.OBJ
C:\cave\Development\Applications\CavePacman\Debug\link.6252.read.1.tlog
C:\cave\Development\Applications\CavePacman\Debug\link.6252.write.1.tlog
C:\cave\Development\Applications\CavePacman\Debug\link.6252-cvtres.read.1.tlog
C:\cave\Development\Applications\CavePacman\Debug\link.6252-cvtres.write.1.tlog
C:\cave\Development\Applications\CavePacman\Debug\link.6956.read.1.tlog
C:\cave\Development\Applications\CavePacman\Debug\link.6956.write.1.tlog
C:\cave\Development\Applications\CavePacman\Debug\link.6956-cvtres.read.1.tlog
C:\cave\Development\Applications\CavePacman\Debug\link.6956-cvtres.write.1.tlog
C:\cave\Development\Applications\CavePacman\Debug\link.command.1.tlog
C:\cave\Development\Applications\CavePacman\Debug\link.read.1.tlog
C:\cave\Development\Applications\CavePacman\Debug\link.write.1.tlog
C:\cave\Development\Applications\CavePacman\Debug\link-cvtres.read.1.tlog
C:\cave\Development\Applications\CavePacman\Debug\link-cvtres.write.1.tlog
C:\CAVE\DEVELOPMENT\APPLICATIONS\CAVEPACMAN\DEBUG\MAIN.OBJ
C:\cave\Development\Applications\CavePacman\Debug\mt.command.1.tlog
C:\cave\Development\Applications\CavePacman\Debug\mt.read.1.tlog
C:\cave\Development\Applications\CavePacman\Debug\mt.write.1.tlog
C:\CAVE\DEVELOPMENT\APPLICATIONS\CAVEPACMAN\DEBUG\ORB.OBJ
C:\CAVE\DEVELOPMENT\APPLICATIONS\CAVEPACMAN\DEBUG\PACMAN.OBJ
C:\cave\Development\Applications\CavePacman\Debug\rc.command.1.tlog
C:\cave\Development\Applications\CavePacman\Debug\rc.read.1.tlog
C:\cave\Development\Applications\CavePacman\Debug\rc.write.1.tlog
C:\CAVE\DEVELOPMENT\APPLICATIONS\CAVEPACMAN\DEBUG\SPRITE.OBJ
C:\CAVE\DEVELOPMENT\APPLICATIONS\CAVEPACMAN\DEBUG\SUPERORB.OBJ
C:\cave\Development\Applications\CavePacman\Debug\vc100.idb
C:\CAVE\DEVELOPMENT\APPLICATIONS\CAVEPACMAN\DEBUG\VC100.PDB
C:\CAVE\DEVELOPMENT\APPLICATIONS\CAVEPACMAN\DEBUG\WAVE.OBJ
C:\CAVE\DEVELOPMENT\APPLICATIONS\CAVEPACMAN\DEBUG\WAYPOINT.OBJ
C:\cave\Development\Applications\Debug\CavePacman.pdb
