Build started 11-4-2013 21:09:42.
     1>Project "C:\cave\Development\Applications\CavePacman\CavePacman.vcxproj" on node 2 (build target(s)).
     1>InitializeBuildStatus:
         Creating "Debug\CavePacman.unsuccessfulbuild" because "AlwaysCreate" was specified.
       ClCompile:
         All outputs are up-to-date.
       ManifestResourceCompile:
         All outputs are up-to-date.
       Link:
         All outputs are up-to-date.
       Manifest:
         All outputs are up-to-date.
       PostBuildEvent:
         copy /y C:\cave\Development\Applications\Debug\CavePacman.exe C:\cave\\Runtime
         "C:\cave\\Development\Sync\Sync Executables.cmd"
         :VCEnd
                 1 bestand(en) gekopieerd.
         Local development, not pushing to servers
       FinalizeBuildStatus:
         Deleting file "Debug\CavePacman.unsuccessfulbuild".
         Touching "Debug\CavePacman.lastbuildstate".
     1>Done Building Project "C:\cave\Development\Applications\CavePacman\CavePacman.vcxproj" (build target(s)).

Build succeeded.

Time Elapsed 00:00:00.21
